avg#alone 38.00 avg#dimers  6.00 avg#clusters             0.00 
avg#alone 38.00 avg#dimers  6.00 avg#clusters             0.00 
avg#alone 41.00 avg#dimers  4.50 avg#clusters             0.00 
avg#alone 42.00 avg#dimers  4.00 avg#clusters             0.00 
avg#alone 43.50 avg#dimers  3.25 avg#clusters             0.00 
avg#alone 44.00 avg#dimers  3.00 avg#clusters             0.00 
avg#alone 44.00 avg#dimers  3.00 avg#clusters             0.00 
avg#alone 43.71 avg#dimers  3.14 avg#clusters             0.00 
avg#alone 43.75 avg#dimers  3.12 avg#clusters             0.00 
avg#alone 43.22 avg#dimers  3.22 avg#clusters             0.11 
avg#alone 43.10 avg#dimers  3.30 avg#clusters             0.10 
avg#alone 43.36 avg#dimers  3.18 avg#clusters             0.09 
avg#alone 43.33 avg#dimers  3.08 avg#clusters             0.17 
avg#alone 43.54 avg#dimers  3.00 avg#clusters             0.15 
avg#alone 43.57 avg#dimers  3.00 avg#clusters             0.14 
avg#alone 43.73 avg#dimers  2.93 avg#clusters             0.13 
avg#alone 43.56 avg#dimers  2.94 avg#clusters             0.19 
avg#alone 43.71 avg#dimers  2.88 avg#clusters             0.18 
avg#alone 43.83 avg#dimers  2.83 avg#clusters             0.17 
avg#alone 43.95 avg#dimers  2.79 avg#clusters             0.16 
avg#alone 44.15 avg#dimers  2.70 avg#clusters             0.15 
avg#alone 44.14 avg#dimers  2.71 avg#clusters             0.14 
avg#alone 43.91 avg#dimers  2.77 avg#clusters             0.18 
avg#alone 43.74 avg#dimers  2.87 avg#clusters             0.17 
avg#alone 43.83 avg#dimers  2.83 avg#clusters             0.17 
avg#alone 43.84 avg#dimers  2.84 avg#clusters             0.16 
avg#alone 43.92 avg#dimers  2.81 avg#clusters             0.15 
avg#alone 43.85 avg#dimers  2.74 avg#clusters             0.22 
avg#alone 44.07 avg#dimers  2.64 avg#clusters             0.21 
avg#alone 44.07 avg#dimers  2.66 avg#clusters             0.21 
avg#alone 44.00 avg#dimers  2.70 avg#clusters             0.20 
avg#alone 44.06 avg#dimers  2.68 avg#clusters             0.19 
avg#alone 44.06 avg#dimers  2.69 avg#clusters             0.19 
avg#alone 44.06 avg#dimers  2.61 avg#clusters             0.24 
avg#alone 44.06 avg#dimers  2.62 avg#clusters             0.24 
avg#alone 44.00 avg#dimers  2.66 avg#clusters             0.23 
avg#alone 44.11 avg#dimers  2.61 avg#clusters             0.22 
avg#alone 44.11 avg#dimers  2.62 avg#clusters             0.22 
avg#alone 44.21 avg#dimers  2.58 avg#clusters             0.21 
avg#alone 44.13 avg#dimers  2.59 avg#clusters             0.23 
avg#alone 44.23 avg#dimers  2.55 avg#clusters             0.23 
avg#alone 44.32 avg#dimers  2.51 avg#clusters             0.22 
avg#alone 44.36 avg#dimers  2.50 avg#clusters             0.21 
avg#alone 44.28 avg#dimers  2.51 avg#clusters             0.23 
avg#alone 44.23 avg#dimers  2.55 avg#clusters             0.23 
avg#alone 44.18 avg#dimers  2.58 avg#clusters             0.22 
avg#alone 44.26 avg#dimers  2.54 avg#clusters             0.22 
avg#alone 44.26 avg#dimers  2.55 avg#clusters             0.21 
avg#alone 44.21 avg#dimers  2.58 avg#clusters             0.21 
avg#alone 44.24 avg#dimers  2.57 avg#clusters             0.20 
avg#alone 44.24 avg#dimers  2.58 avg#clusters             0.20 
avg#alone 44.20 avg#dimers  2.61 avg#clusters             0.20 
avg#alone 44.25 avg#dimers  2.56 avg#clusters             0.21 
avg#alone 44.25 avg#dimers  2.57 avg#clusters             0.21 
avg#alone 44.24 avg#dimers  2.57 avg#clusters             0.20 
avg#alone 44.18 avg#dimers  2.58 avg#clusters             0.22 
avg#alone 44.21 avg#dimers  2.57 avg#clusters             0.21 
avg#alone 44.25 avg#dimers  2.56 avg#clusters             0.21 
avg#alone 44.17 avg#dimers  2.60 avg#clusters             0.21 
avg#alone 44.19 avg#dimers  2.58 avg#clusters             0.22 
avg#alone 44.22 avg#dimers  2.57 avg#clusters             0.22 
avg#alone 44.23 avg#dimers  2.54 avg#clusters             0.23 
avg#alone 44.23 avg#dimers  2.55 avg#clusters             0.23 
avg#alone 44.29 avg#dimers  2.52 avg#clusters             0.22 
avg#alone 44.20 avg#dimers  2.55 avg#clusters             0.23 
avg#alone 44.23 avg#dimers  2.54 avg#clusters             0.23 
avg#alone 44.26 avg#dimers  2.53 avg#clusters             0.23 
avg#alone 44.22 avg#dimers  2.55 avg#clusters             0.22 
avg#alone 44.19 avg#dimers  2.57 avg#clusters             0.22 
avg#alone 44.22 avg#dimers  2.57 avg#clusters             0.22 
avg#alone 44.21 avg#dimers  2.57 avg#clusters             0.21 
avg#alone 44.21 avg#dimers  2.58 avg#clusters             0.21 
avg#alone 44.17 avg#dimers  2.58 avg#clusters             0.22 
avg#alone 44.12 avg#dimers  2.59 avg#clusters             0.23 
avg#alone 44.18 avg#dimers  2.57 avg#clusters             0.23 
avg#alone 44.15 avg#dimers  2.59 avg#clusters             0.23 
avg#alone 44.14 avg#dimers  2.59 avg#clusters             0.22 
avg#alone 44.17 avg#dimers  2.58 avg#clusters             0.22 
avg#alone 44.19 avg#dimers  2.58 avg#clusters             0.22 
avg#alone 44.24 avg#dimers  2.56 avg#clusters             0.22 
avg#alone 44.24 avg#dimers  2.56 avg#clusters             0.21 
avg#alone 44.26 avg#dimers  2.56 avg#clusters             0.21 
avg#alone 44.26 avg#dimers  2.56 avg#clusters             0.21 
avg#alone 44.22 avg#dimers  2.57 avg#clusters             0.22 
avg#alone 44.14 avg#dimers  2.61 avg#clusters             0.21 
avg#alone 44.21 avg#dimers  2.58 avg#clusters             0.21 
avg#alone 44.23 avg#dimers  2.57 avg#clusters             0.21 
avg#alone 44.25 avg#dimers  2.56 avg#clusters             0.21 
avg#alone 44.30 avg#dimers  2.55 avg#clusters             0.20 
avg#alone 44.25 avg#dimers  2.57 avg#clusters             0.20 
avg#alone 44.22 avg#dimers  2.59 avg#clusters             0.20 
avg#alone 44.26 avg#dimers  2.57 avg#clusters             0.20 
avg#alone 44.28 avg#dimers  2.57 avg#clusters             0.20 
avg#alone 44.30 avg#dimers  2.56 avg#clusters             0.19 
avg#alone 44.34 avg#dimers  2.54 avg#clusters             0.19 
avg#alone 44.34 avg#dimers  2.55 avg#clusters             0.19 
avg#alone 44.32 avg#dimers  2.54 avg#clusters             0.20 
avg#alone 44.34 avg#dimers  2.54 avg#clusters             0.20 
avg#alone 44.34 avg#dimers  2.54 avg#clusters             0.19 
avg#alone 44.33 avg#dimers  2.55 avg#clusters             0.19 
avg#alone 44.27 avg#dimers  2.58 avg#clusters             0.19 
avg#alone 44.31 avg#dimers  2.56 avg#clusters             0.19 
avg#alone 44.30 avg#dimers  2.57 avg#clusters             0.19 
avg#alone 44.32 avg#dimers  2.56 avg#clusters             0.18 
avg#alone 44.32 avg#dimers  2.57 avg#clusters             0.18 
avg#alone 44.28 avg#dimers  2.59 avg#clusters             0.18 
avg#alone 44.27 avg#dimers  2.59 avg#clusters             0.18 
avg#alone 44.25 avg#dimers  2.61 avg#clusters             0.18 
avg#alone 44.27 avg#dimers  2.60 avg#clusters             0.18 
avg#alone 44.32 avg#dimers  2.58 avg#clusters             0.17 
avg#alone 44.35 avg#dimers  2.56 avg#clusters             0.17 
avg#alone 44.34 avg#dimers  2.56 avg#clusters             0.18 
avg#alone 44.32 avg#dimers  2.57 avg#clusters             0.18 
avg#alone 44.37 avg#dimers  2.55 avg#clusters             0.18 
avg#alone 44.38 avg#dimers  2.54 avg#clusters             0.18 
avg#alone 44.41 avg#dimers  2.52 avg#clusters             0.18 
avg#alone 44.46 avg#dimers  2.50 avg#clusters             0.18 
avg#alone 44.49 avg#dimers  2.49 avg#clusters             0.18 
avg#alone 44.42 avg#dimers  2.53 avg#clusters             0.18 
avg#alone 44.39 avg#dimers  2.54 avg#clusters             0.18 
avg#alone 44.41 avg#dimers  2.53 avg#clusters             0.17 
avg#alone 44.45 avg#dimers  2.51 avg#clusters             0.17 
avg#alone 44.47 avg#dimers  2.51 avg#clusters             0.17 
avg#alone 44.50 avg#dimers  2.50 avg#clusters             0.17 
avg#alone 44.49 avg#dimers  2.50 avg#clusters             0.17 
avg#alone 44.49 avg#dimers  2.50 avg#clusters             0.17 
avg#alone 44.49 avg#dimers  2.49 avg#clusters             0.17 
avg#alone 44.52 avg#dimers  2.48 avg#clusters             0.17 
avg#alone 44.50 avg#dimers  2.49 avg#clusters             0.17 
avg#alone 44.46 avg#dimers  2.50 avg#clusters             0.18 
avg#alone 44.45 avg#dimers  2.51 avg#clusters             0.18 
avg#alone 44.42 avg#dimers  2.53 avg#clusters             0.18 
avg#alone 44.40 avg#dimers  2.54 avg#clusters             0.17 
avg#alone 44.41 avg#dimers  2.53 avg#clusters             0.17 
avg#alone 44.43 avg#dimers  2.53 avg#clusters             0.17 
avg#alone 44.39 avg#dimers  2.55 avg#clusters             0.17 
avg#alone 44.40 avg#dimers  2.54 avg#clusters             0.17 
avg#alone 44.42 avg#dimers  2.54 avg#clusters             0.17 
avg#alone 44.38 avg#dimers  2.56 avg#clusters             0.17 
avg#alone 44.40 avg#dimers  2.55 avg#clusters             0.17 
avg#alone 44.41 avg#dimers  2.55 avg#clusters             0.16 
avg#alone 44.38 avg#dimers  2.57 avg#clusters             0.16 
avg#alone 44.37 avg#dimers  2.57 avg#clusters             0.16 
avg#alone 44.35 avg#dimers  2.57 avg#clusters             0.17 
avg#alone 44.38 avg#dimers  2.56 avg#clusters             0.17 
avg#alone 44.37 avg#dimers  2.57 avg#clusters             0.17 
avg#alone 44.36 avg#dimers  2.56 avg#clusters             0.17 
avg#alone 44.39 avg#dimers  2.55 avg#clusters             0.17 
avg#alone 44.39 avg#dimers  2.55 avg#clusters             0.17 
avg#alone 44.42 avg#dimers  2.54 avg#clusters             0.17 
avg#alone 44.46 avg#dimers  2.52 avg#clusters             0.17 
avg#alone 44.47 avg#dimers  2.52 avg#clusters             0.17 
avg#alone 44.48 avg#dimers  2.51 avg#clusters             0.16 
avg#alone 44.50 avg#dimers  2.50 avg#clusters             0.17 
avg#alone 44.52 avg#dimers  2.49 avg#clusters             0.17 
avg#alone 44.52 avg#dimers  2.49 avg#clusters             0.17 
avg#alone 44.50 avg#dimers  2.50 avg#clusters             0.17 
avg#alone 44.50 avg#dimers  2.50 avg#clusters             0.17 
avg#alone 44.48 avg#dimers  2.51 avg#clusters             0.16 
avg#alone 44.50 avg#dimers  2.50 avg#clusters             0.16 
avg#alone 44.50 avg#dimers  2.51 avg#clusters             0.16 
avg#alone 44.47 avg#dimers  2.52 avg#clusters             0.17 
avg#alone 44.46 avg#dimers  2.52 avg#clusters             0.17 
avg#alone 44.44 avg#dimers  2.52 avg#clusters             0.17 
avg#alone 44.44 avg#dimers  2.52 avg#clusters             0.17 
avg#alone 44.41 avg#dimers  2.53 avg#clusters             0.18 
avg#alone 44.40 avg#dimers  2.54 avg#clusters             0.17 
avg#alone 44.38 avg#dimers  2.55 avg#clusters             0.17 
avg#alone 44.38 avg#dimers  2.55 avg#clusters             0.17 
avg#alone 44.37 avg#dimers  2.56 avg#clusters             0.17 
avg#alone 44.39 avg#dimers  2.55 avg#clusters             0.17 
avg#alone 44.39 avg#dimers  2.55 avg#clusters             0.17 
avg#alone 44.36 avg#dimers  2.56 avg#clusters             0.17 
avg#alone 44.35 avg#dimers  2.57 avg#clusters             0.17 
avg#alone 44.36 avg#dimers  2.55 avg#clusters             0.18 
avg#alone 44.35 avg#dimers  2.55 avg#clusters             0.18 
avg#alone 44.35 avg#dimers  2.55 avg#clusters             0.18 
avg#alone 44.37 avg#dimers  2.54 avg#clusters             0.18 
avg#alone 44.39 avg#dimers  2.53 avg#clusters             0.18 
avg#alone 44.36 avg#dimers  2.54 avg#clusters             0.18 
avg#alone 44.39 avg#dimers  2.53 avg#clusters             0.18 
avg#alone 44.40 avg#dimers  2.52 avg#clusters             0.18 
avg#alone 44.39 avg#dimers  2.53 avg#clusters             0.18 
avg#alone 44.38 avg#dimers  2.54 avg#clusters             0.18 
avg#alone 44.36 avg#dimers  2.54 avg#clusters             0.18 
avg#alone 44.37 avg#dimers  2.54 avg#clusters             0.18 
avg#alone 44.35 avg#dimers  2.55 avg#clusters             0.18 
avg#alone 44.34 avg#dimers  2.56 avg#clusters             0.18 
avg#alone 44.34 avg#dimers  2.56 avg#clusters             0.18 
avg#alone 44.36 avg#dimers  2.55 avg#clusters             0.18 
avg#alone 44.37 avg#dimers  2.54 avg#clusters             0.18 
avg#alone 44.38 avg#dimers  2.53 avg#clusters             0.18 
avg#alone 44.39 avg#dimers  2.53 avg#clusters             0.18 
avg#alone 44.41 avg#dimers  2.52 avg#clusters             0.18 
avg#alone 44.44 avg#dimers  2.51 avg#clusters             0.18 
avg#alone 44.46 avg#dimers  2.50 avg#clusters             0.18 
avg#alone 44.47 avg#dimers  2.49 avg#clusters             0.18 
